# JRE version: Java(TM) SE Runtime Environment (19.0.2+7) (build 19.0.2+7-44)
# Java VM: Java HotSpot(TM) 64-Bit Server VM (19.0.2+7-44, mixed mode, emulated-client, sharing, tiered, compressed oops, compressed class ptrs, g1 gc, windows-amd64)
GC Precious Log:
 CardTable entry size: 512
 Card Set container configuration: InlinePtr #cards 4 size 8 Array Of Cards #cards 16 size 48 Howl #buckets 8 coarsen threshold 3686 Howl Bitmap #cards 512 size 80 coarsen threshold 460 Card regions per heap region 1 cards per card region 4096
 CPUs: 4 total, 4 available
 Memory: 16242M
 Large Page Support: Disabled
 NUMA Support: Disabled
 Compressed Oops: Enabled (Zero based)
 Heap Region Size: 2M
 Heap Min Capacity: 8M
 Heap Initial Capacity: 254M
 Heap Max Capacity: 4062M
 Pre-touch: Disabled
 Parallel Workers: 4
 Concurrent Workers: 1
 Concurrent Refinement Workers: 4
 Periodic GC: Disabled
Heap:
 garbage-first heap   total 233472K, used 91261K [0x0000000702200000, 0x0000000800000000)
  region size 2048K, 24 young (49152K), 5 survivors (10240K)
 Metaspace       used 97510K, committed 98624K, reserved 1179648K
  class space    used 13404K, committed 13952K, reserved 1048576K
GC Heap History (20 events):
Event: 11.321 GC heap before
{Heap before GC invocations=11 (full 0):
 garbage-first heap   total 116736K, used 35869K [0x0000000702200000, 0x0000000800000000)
  region size 2048K, 5 young (10240K), 4 survivors (8192K)
 Metaspace       used 41347K, committed 42048K, reserved 1114112K
  class space    used 5591K, committed 5952K, reserved 1048576K
}
Event: 11.331 GC heap after
{Heap after GC invocations=12 (full 0):
 garbage-first heap   total 116736K, used 34108K [0x0000000702200000, 0x0000000800000000)
  region size 2048K, 1 young (2048K), 1 survivors (2048K)
 Metaspace       used 41347K, committed 42048K, reserved 1114112K
  class space    used 5591K, committed 5952K, reserved 1048576K
}
Event: 13.105 GC heap before
{Heap before GC invocations=12 (full 0):
 garbage-first heap   total 116736K, used 85308K [0x0000000702200000, 0x0000000800000000)
  region size 2048K, 27 young (55296K), 1 survivors (2048K)
 Metaspace       used 53862K, committed 54528K, reserved 1114112K
  class space    used 7356K, committed 7680K, reserved 1048576K
}
Event: 13.111 GC heap after
{Heap after GC invocations=13 (full 0):
 garbage-first heap   total 116736K, used 35929K [0x0000000702200000, 0x0000000800000000)
  region size 2048K, 2 young (4096K), 2 survivors (4096K)
 Metaspace       used 53862K, committed 54528K, reserved 1114112K
  class space    used 7356K, committed 7680K, reserved 1048576K
}
Event: 13.928 GC heap before
{Heap before GC invocations=13 (full 0):
 garbage-first heap   total 116736K, used 60505K [0x0000000702200000, 0x0000000800000000)
  region size 2048K, 15 young (30720K), 2 survivors (4096K)
 Metaspace       used 60444K, committed 61120K, reserved 1114112K
  class space    used 8287K, committed 8640K, reserved 1048576K
}
Event: 13.933 GC heap after
{Heap after GC invocations=14 (full 0):
 garbage-first heap   total 116736K, used 37118K [0x0000000702200000, 0x0000000800000000)
  region size 2048K, 3 young (6144K), 3 survivors (6144K)
 Metaspace       used 60444K, committed 61120K, reserved 1114112K
  class space    used 8287K, committed 8640K, reserved 1048576K
}
Event: 15.587 GC heap before
{Heap before GC invocations=15 (full 0):
 garbage-first heap   total 116736K, used 88318K [0x0000000702200000, 0x0000000800000000)
  region size 2048K, 28 young (57344K), 3 survivors (6144K)
 Metaspace       used 68500K, committed 69312K, reserved 1114112K
  class space    used 9559K, committed 9920K, reserved 1048576K
}
Event: 15.596 GC heap after
{Heap after GC invocations=16 (full 0):
 garbage-first heap   total 116736K, used 39970K [0x0000000702200000, 0x0000000800000000)
  region size 2048K, 4 young (8192K), 4 survivors (8192K)
 Metaspace       used 68500K, committed 69312K, reserved 1114112K
  class space    used 9559K, committed 9920K, reserved 1048576K
}
Event: 15.657 GC heap before
{Heap before GC invocations=16 (full 0):
 garbage-first heap   total 116736K, used 42018K [0x0000000702200000, 0x0000000800000000)
  region size 2048K, 5 young (10240K), 4 survivors (8192K)
 Metaspace       used 68799K, committed 69568K, reserved 1114112K
  class space    used 9613K, committed 9984K, reserved 1048576K
}
Event: 15.666 GC heap after
{Heap after GC invocations=17 (full 0):
 garbage-first heap   total 116736K, used 39971K [0x0000000702200000, 0x0000000800000000)
  region size 2048K, 1 young (2048K), 1 survivors (2048K)
 Metaspace       used 68799K, committed 69568K, reserved 1114112K
  class space    used 9613K, committed 9984K, reserved 1048576K
}
Event: 16.896 GC heap before
{Heap before GC invocations=17 (full 0):
 garbage-first heap   total 116736K, used 91171K [0x0000000702200000, 0x0000000800000000)
  region size 2048K, 26 young (53248K), 1 survivors (2048K)
 Metaspace       used 71753K, committed 72512K, reserved 1114112K
  class space    used 10062K, committed 10432K, reserved 1048576K
}
Event: 16.902 GC heap after
{Heap after GC invocations=18 (full 0):
 garbage-first heap   total 116736K, used 42770K [0x0000000702200000, 0x0000000800000000)
  region size 2048K, 2 young (4096K), 2 survivors (4096K)
 Metaspace       used 71753K, committed 72512K, reserved 1114112K
  class space    used 10062K, committed 10432K, reserved 1048576K
}
Event: 17.761 GC heap before
{Heap before GC invocations=18 (full 0):
 garbage-first heap   total 116736K, used 91922K [0x0000000702200000, 0x0000000800000000)
  region size 2048K, 26 young (53248K), 2 survivors (4096K)
 Metaspace       used 74108K, committed 74944K, reserved 1114112K
  class space    used 10420K, committed 10816K, reserved 1048576K
}
Event: 17.770 GC heap after
{Heap after GC invocations=19 (full 0):
 garbage-first heap   total 116736K, used 45886K [0x0000000702200000, 0x0000000800000000)
  region size 2048K, 4 young (8192K), 4 survivors (8192K)
 Metaspace       used 74108K, committed 74944K, reserved 1114112K
  class space    used 10420K, committed 10816K, reserved 1048576K
}
Event: 18.875 GC heap before
{Heap before GC invocations=19 (full 0):
 garbage-first heap   total 116736K, used 92990K [0x0000000702200000, 0x0000000800000000)
  region size 2048K, 27 young (55296K), 4 survivors (8192K)
 Metaspace       used 76083K, committed 76928K, reserved 1179648K
  class space    used 10752K, committed 11136K, reserved 1048576K
}
Event: 18.888 GC heap after
{Heap after GC invocations=20 (full 0):
 garbage-first heap   total 116736K, used 48462K [0x0000000702200000, 0x0000000800000000)
  region size 2048K, 3 young (6144K), 3 survivors (6144K)
 Metaspace       used 76083K, committed 76928K, reserved 1179648K
  class space    used 10752K, committed 11136K, reserved 1048576K
}
Event: 21.050 GC heap before
{Heap before GC invocations=20 (full 0):
 garbage-first heap   total 116736K, used 93518K [0x0000000702200000, 0x0000000800000000)
  region size 2048K, 25 young (51200K), 3 survivors (6144K)
 Metaspace       used 85335K, committed 86336K, reserved 1179648K
  class space    used 11735K, committed 12224K, reserved 1048576K
}
Event: 21.062 GC heap after
{Heap after GC invocations=21 (full 0):
 garbage-first heap   total 233472K, used 50091K [0x0000000702200000, 0x0000000800000000)
  region size 2048K, 3 young (6144K), 3 survivors (6144K)
 Metaspace       used 85335K, committed 86336K, reserved 1179648K
  class space    used 11735K, committed 12224K, reserved 1048576K
}
Event: 2721.918 GC heap before
{Heap before GC invocations=21 (full 0):
 garbage-first heap   total 233472K, used 179115K [0x0000000702200000, 0x0000000800000000)
  region size 2048K, 67 young (137216K), 3 survivors (6144K)
 Metaspace       used 94772K, committed 95808K, reserved 1179648K
  class space    used 13077K, committed 13568K, reserved 1048576K
}
Event: 2721.931 GC heap after
{Heap after GC invocations=22 (full 0):
 garbage-first heap   total 233472K, used 54397K [0x0000000702200000, 0x0000000800000000)
  region size 2048K, 5 young (10240K), 5 survivors (10240K)
 Metaspace       used 94772K, committed 95808K, reserved 1179648K
  class space    used 13077K, committed 13568K, reserved 1048576K
}

